

times in msec
 clock   self+sourced   self:  sourced script
 clock   elapsed:              other lines

000.009  000.009: --- NVIM STARTING ---
000.127  000.118: event init
000.306  000.179: early init
000.820  000.514: locale set
000.877  000.057: init first window
013.083  012.206: inits 1
013.102  000.019: window checked
013.111  000.009: parsing arguments
013.652  000.084  000.084: require('vim.shared')
013.774  000.047  000.047: require('vim._meta')
013.776  000.120  000.073: require('vim._editor')
013.778  000.252  000.048: require('vim._init_packages')
013.780  000.417: init lua interpreter
014.154  000.374: expanding arguments
014.260  000.107: inits 2
014.559  000.299: init highlight
014.561  000.002: waiting for UI
017.671  003.110: done waiting for UI
017.691  000.020: init screen for UI
017.875  000.184: init default mappings
017.896  000.021: init default autocommands
020.936  000.099  000.099: sourcing /usr/local/Cellar/neovim/0.8.2/share/nvim/runtime/ftplugin.vim
021.422  000.043  000.043: sourcing /usr/local/Cellar/neovim/0.8.2/share/nvim/runtime/indent.vim
024.750  000.852  000.852: require('packer.util')
024.833  002.653  001.801: require('packer')
025.825  000.989  000.989: require('packer.log')
027.235  000.578  000.578: require('packer.async')
028.352  000.494  000.494: require('packer.result')
028.357  001.118  000.624: require('packer.jobs')
028.364  002.483  000.787: require('packer.plugin_utils')
029.020  000.614  000.614: require('packer.snapshot')
032.454  000.501  000.501: require('onedark')
034.845  000.470  000.470: require('onedark.palette')
034.872  000.888  000.418: require('onedark.colors')
035.306  000.427  000.427: require('onedark.util')
035.478  002.526  001.211: require('onedark.highlights')
038.268  000.615  000.615: require('onedark.terminal')
038.286  006.397  002.754: sourcing /Users/dblanken/.local/share/nvim/site/pack/packer/start/onedark.nvim/colors/onedark.lua
038.353  000.040  000.040: require('vim.keymap')
039.679  000.362  000.362: require('lualine_require')
040.038  001.590  001.228: require('lualine')
045.478  000.328  000.328: require('lualine.utils.mode')
045.902  000.270  000.270: require('Comment')
046.100  000.195  000.195: require('Comment.config')
047.194  000.456  000.456: require('Comment.ft')
047.202  000.856  000.400: require('Comment.utils')
047.498  000.295  000.295: require('Comment.opfunc')
047.729  000.228  000.228: require('Comment.extra')
047.733  001.630  000.250: require('Comment.api')
048.980  000.437  000.437: require('indent_blankline/utils')
048.983  001.139  000.702: require('indent_blankline')
049.894  000.329  000.329: require('gitsigns.async')
050.128  000.232  000.232: require('gitsigns.status')
051.059  000.282  000.282: require('gitsigns.debug')
051.361  000.300  000.300: require('gitsigns.util')
051.843  000.232  000.232: require('gitsigns.uv')
051.847  000.483  000.251: require('gitsigns.subprocess')
053.035  000.200  000.200: require('gitsigns.message')
053.043  000.603  000.403: require('gitsigns.config')
053.233  000.188  000.188: require('gitsigns.signs.base')
053.236  001.005  000.214: require('gitsigns.signs')
053.240  001.392  000.387: require('gitsigns.hunks')
053.247  003.116  000.660: require('gitsigns.git')
053.950  000.229  000.229: require('gitsigns.cache')
054.170  000.217  000.217: require('gitsigns.debounce')
054.368  000.195  000.195: require('gitsigns.diff')
054.387  001.138  000.498: require('gitsigns.manager')
054.674  000.285  000.285: require('gitsigns.highlight')
054.682  005.659  000.558: require('gitsigns')
055.858  000.300  000.300: require('gitsigns.signs.vimfn')
056.897  000.032  000.032: require('vim.inspect')
057.975  000.447  000.447: require('telescope._extensions')
057.978  000.941  000.493: require('telescope')
060.518  000.546  000.546: require('plenary.bit')
060.950  000.429  000.429: require('plenary.functional')
060.979  000.018  000.018: require('ffi')
060.997  001.885  000.892: require('plenary.path')
061.004  002.394  000.509: require('plenary.strings')
061.424  000.419  000.419: require('telescope.deprecated')
063.200  000.611  000.611: require('plenary.log')
063.272  001.094  000.483: require('telescope.log')
064.730  000.729  000.729: require('plenary.job')
065.162  000.429  000.429: require('telescope.state')
065.170  001.896  000.738: require('telescope.utils')
065.178  003.715  000.725: require('telescope.sorters')
065.744  000.007  000.007: require('vim.F')
067.415  009.435  002.899: require('telescope.config')
073.134  000.409  000.409: require('plenary.tbl')
073.139  000.902  000.493: require('plenary.vararg.rotate')
073.140  001.283  000.380: require('plenary.vararg')
073.547  000.406  000.406: require('plenary.errors')
073.557  002.172  000.483: require('plenary.async.async')
074.028  000.470  000.470: require('plenary.async.structs')
074.045  003.167  000.525: require('plenary.async.control')
076.538  000.549  000.549: require('plenary.window.border')
076.969  000.429  000.429: require('plenary.window')
077.379  000.407  000.407: require('plenary.popup.utils')
077.382  002.005  000.620: require('plenary.popup')
077.854  000.470  000.470: require('telescope.pickers.scroller')
078.269  000.412  000.412: require('telescope.actions.state')
078.730  000.459  000.459: require('telescope.actions.utils')
079.708  000.489  000.489: require('telescope.actions.mt')
079.719  000.987  000.498: require('telescope.actions.set')
080.649  000.472  000.472: require('telescope.config.resolve')
080.652  000.931  000.458: require('telescope.pickers.entry_display')
081.042  000.389  000.389: require('telescope.from_entry')
081.153  007.107  001.454: require('telescope.actions')
082.642  001.028  001.028: require('telescope.make_entry')
084.203  000.402  000.402: require('plenary.async.util')
084.206  000.754  000.352: require('plenary.async.tests')
084.208  001.144  000.390: require('plenary.async')
084.210  001.565  000.422: require('telescope.finders.async_static_finder')
085.494  000.385  000.385: require('plenary.class')
085.504  000.869  000.484: require('telescope._')
085.506  001.295  000.426: require('telescope.finders.async_oneshot_finder')
085.915  000.408  000.408: require('telescope.finders.async_job_finder')
085.919  004.764  000.468: require('telescope.finders')
087.394  000.440  000.440: require('telescope.debounce')
087.876  000.479  000.479: require('telescope.mappings')
088.286  000.407  000.407: require('telescope.pickers.highlights')
088.644  000.356  000.356: require('telescope.pickers.window')
089.462  000.407  000.407: require('telescope.algos.linked_list')
089.465  000.819  000.413: require('telescope.entry_manager')
089.821  000.355  000.355: require('telescope.pickers.multi')
089.835  003.914  001.058: require('telescope.pickers')
089.841  019.699  000.747: require('telescope.builtin.__lsp')
089.857  020.321  000.622: require('telescope.builtin')
091.871  000.358  000.358: require('vim.treesitter.language')
091.880  000.961  000.603: require('vim.treesitter.query')
094.479  000.561  000.561: require('vim.treesitter.languagetree')
094.527  001.070  000.509: require('vim.treesitter')
094.683  001.959  000.889: require('nvim-treesitter.parsers')
095.104  000.419  000.419: require('nvim-treesitter.utils')
095.110  002.870  000.493: require('nvim-treesitter.ts_utils')
095.116  003.234  000.365: require('nvim-treesitter.tsrange')
095.432  000.314  000.314: require('nvim-treesitter.caching')
095.441  004.986  000.477: require('nvim-treesitter.query')
095.454  005.528  000.541: require('nvim-treesitter.configs')
096.648  000.396  000.396: require('nvim-treesitter.info')
097.098  000.447  000.447: require('nvim-treesitter.shell_command_selectors')
097.120  001.591  000.748: require('nvim-treesitter.install')
101.312  001.235  001.235: require('vim.diagnostic')
101.775  000.428  000.428: require('neodev')
102.041  000.263  000.263: require('neodev.config')
102.681  000.284  000.284: require('neodev.util')
102.685  000.598  000.313: require('neodev.lsp')
105.899  000.505  000.505: require('vim.lsp.log')
107.341  001.439  001.439: require('vim.lsp.protocol')
109.172  000.644  000.644: require('vim.lsp._snippet')
109.681  000.468  000.468: require('vim.highlight')
109.703  002.359  001.247: require('vim.lsp.util')
109.716  005.051  000.747: require('vim.lsp.handlers')
110.429  000.711  000.711: require('vim.lsp.rpc')
110.930  000.498  000.498: require('vim.lsp.sync')
111.768  000.834  000.834: require('vim.lsp.buf')
112.335  000.563  000.563: require('vim.lsp.diagnostic')
112.904  000.566  000.566: require('vim.lsp.codelens')
112.962  009.707  001.485: require('vim.lsp')
113.051  010.365  000.658: require('lspconfig.util')
114.220  000.205  000.205: require('cmp_nvim_lsp.source')
114.224  000.472  000.267: require('cmp_nvim_lsp')
115.012  000.263  000.263: require('mason-core.path')
115.024  000.526  000.264: require('mason.settings')
115.698  000.323  000.323: require('mason-core.functional')
116.252  000.237  000.237: require('mason-core.functional.data')
116.257  000.536  000.298: require('mason-core.functional.function')
116.515  000.248  000.248: require('mason-core.functional.relation')
116.772  000.251  000.251: require('mason-core.functional.logic')
116.790  001.764  000.407: require('mason-core.platform')
116.792  002.553  000.262: require('mason')
117.471  000.336  000.336: require('mason-core.functional.list')
117.489  000.686  000.350: require('mason.api.command')
118.138  000.345  000.345: require('mason-core.log')
118.141  000.647  000.302: require('mason-lspconfig')
118.398  000.233  000.233: require('mason-lspconfig.settings')
118.908  000.227  000.227: require('mason-core.notify')
118.912  000.500  000.273: require('mason-lspconfig.lspconfig_hook')
119.496  000.268  000.268: require('mason-core.functional.table')
119.536  000.582  000.314: require('mason-lspconfig.mappings.server')
120.446  000.339  000.339: require('mason-core.async')
120.682  000.233  000.233: require('mason-core.async.uv')
120.686  000.870  000.299: require('mason-core.fs')
120.949  000.261  000.261: require('mason-core.optional')
121.205  000.254  000.254: require('mason-core.EventEmitter')
121.543  000.336  000.336: require('mason-registry.index')
121.551  002.013  000.291: require('mason-registry')
121.774  000.221  000.221: require('mason-lspconfig.server_config_extensions')
122.193  000.417  000.417: require('lspconfig.configs')
122.519  000.324  000.324: require('lspconfig.server_configurations.omnisharp')
122.932  000.253  000.253: require('mason-lspconfig.ensure_installed')
123.957  000.314  000.314: require('mason-core.result')
125.071  000.408  000.408: require('mason-core.process')
125.184  000.821  000.413: require('mason-core.spawn')
125.499  000.312  000.312: require('mason-core.receipt')
125.823  000.315  000.315: require('mason-core.functional.string')
125.836  001.876  000.428: require('mason-core.installer.context')
126.118  000.280  000.280: require('mason-core.installer.linker')
126.394  000.274  000.274: require('mason-core.async.control')
126.400  003.112  000.367: require('mason-core.installer')
126.758  000.356  000.356: require('mason-core.installer.handle')
128.377  000.444  000.444: require('mason-core.managers.powershell')
128.381  000.747  000.303: require('mason-core.fetch')
128.382  000.988  000.241: require('mason-core.managers.cargo.client')
129.083  000.348  000.348: require('mason-core.managers.std')
129.660  000.274  000.274: require('mason-core.providers')
129.673  000.589  000.315: require('mason-core.managers.github.client')
129.678  001.294  000.358: require('mason-core.managers.github')
129.742  002.703  000.421: require('mason-core.managers.cargo')
130.134  000.390  000.390: require('mason-core.managers.composer')
130.493  000.357  000.357: require('mason-core.managers.gem')
130.784  000.288  000.288: require('mason-core.managers.git')
131.140  000.354  000.354: require('mason-core.managers.go')
131.483  000.341  000.341: require('mason-core.managers.luarocks')
131.824  000.338  000.338: require('mason-core.managers.npm')
132.190  000.364  000.364: require('mason-core.managers.pip3')
132.201  005.441  000.305: require('mason-core.package.version-check')
132.208  009.274  000.366: require('mason-core.package')
132.567  000.307  000.307: require('mason-registry.lua-language-server')
133.208  000.245  000.245: require('mason-core.functional.number')
133.229  000.591  000.346: require('mason-lspconfig.api.command')
133.575  000.293  000.293: require('lspconfig')
133.898  000.320  000.320: require('lspconfig.server_configurations.sumneko_lua')
135.466  000.278  000.278: require('fidget.log')
135.473  000.701  000.422: require('fidget')
135.719  000.232  000.232: require('fidget.spinners')
137.010  000.263  000.263: require('cmp.utils.debug')
137.658  000.319  000.319: require('cmp.utils.char')
137.664  000.652  000.332: require('cmp.utils.str')
137.929  000.264  000.264: require('cmp.utils.pattern')
138.964  000.355  000.355: require('cmp.utils.misc')
139.231  000.265  000.265: require('cmp.utils.buffer')
139.526  000.292  000.292: require('cmp.utils.api')
139.531  001.308  000.396: require('cmp.utils.keymap')
139.534  001.603  000.295: require('cmp.utils.feedkeys')
139.857  000.322  000.322: require('cmp.utils.async')
140.791  000.277  000.277: require('cmp.types.cmp')
141.164  000.371  000.371: require('cmp.types.lsp')
141.416  000.249  000.249: require('cmp.types.vim')
141.418  001.191  000.294: require('cmp.types')
141.683  000.264  000.264: require('cmp.utils.cache')
141.686  001.828  000.372: require('cmp.context')
142.825  000.335  000.335: require('cmp.config.mapping')
143.512  000.381  000.381: require('cmp.config.compare')
143.515  000.686  000.306: require('cmp.config.default')
143.524  001.398  000.376: require('cmp.config')
144.441  000.364  000.364: require('cmp.matcher')
144.446  000.920  000.556: require('cmp.entry')
144.450  002.763  000.445: require('cmp.source')
145.128  000.268  000.268: require('cmp.utils.event')
145.884  000.429  000.429: require('cmp.utils.window')
145.887  000.757  000.328: require('cmp.view.docs_view')
146.749  000.292  000.292: require('cmp.utils.autocmd')
146.759  000.871  000.579: require('cmp.view.custom_entries_view')
147.207  000.446  000.446: require('cmp.view.wildmenu_entries_view')
147.596  000.387  000.387: require('cmp.view.native_entries_view')
147.927  000.328  000.328: require('cmp.view.ghost_text_view')
147.935  003.483  000.426: require('cmp.view')
148.072  011.881  000.705: require('cmp.core')
148.423  000.271  000.271: require('cmp.config.sources')
148.688  000.262  000.262: require('cmp.config.window')
148.738  012.986  000.572: require('cmp')
150.673  000.221  000.221: require('luasnip.session')
151.196  000.521  000.521: require('luasnip.util.util')
151.416  000.218  000.218: require('luasnip.util.types')
151.965  000.267  000.267: require('luasnip.util.ext_opts')
151.968  000.549  000.283: require('luasnip.nodes.util')
152.182  000.213  000.213: require('luasnip.util.events')
152.194  002.115  000.392: require('luasnip.nodes.node')
152.776  000.238  000.238: require('luasnip.util.extend_decorator')
152.783  000.588  000.349: require('luasnip.nodes.insertNode')
153.031  000.246  000.246: require('luasnip.nodes.textNode')
153.316  000.283  000.283: require('luasnip.util.mark')
154.139  000.529  000.529: require('luasnip.util._builtin_vars')
154.310  000.992  000.464: require('luasnip.util.environ')
154.586  000.273  000.273: require('luasnip.util.pattern_tokenizer')
154.824  000.236  000.236: require('luasnip.util.dict')
155.176  000.350  000.350: require('luasnip.session.snippet_collection')
155.244  005.916  000.834: require('luasnip.nodes.snippet')
155.754  000.222  000.222: require('luasnip.loaders._caches')
156.050  000.294  000.294: require('luasnip.util.path')
156.064  000.818  000.302: require('luasnip.loaders')
156.392  000.323  000.323: require('luasnip.util.log')
156.713  000.309  000.309: require('luasnip.nodes.functionNode')
157.129  000.414  000.414: require('luasnip.nodes.choiceNode')
157.568  000.436  000.436: require('luasnip.nodes.dynamicNode')
157.931  000.361  000.361: require('luasnip.nodes.restoreNode')
158.926  000.286  000.286: require('luasnip.util.parser.neovim_ast')
160.120  000.255  000.255: require('luasnip.util.directed_graph')
160.147  001.926  001.385: require('luasnip.util.parser.ast_utils')
160.720  000.223  000.223: require('luasnip.util.functions')
160.727  000.578  000.355: require('luasnip.util.parser.ast_parser')
161.171  000.443  000.443: require('luasnip.util.parser.neovim_parser')
161.428  000.254  000.254: require('luasnip.util.str')
161.435  003.501  000.300: require('luasnip.util.parser')
161.992  000.243  000.243: require('luasnip.extras.filetype_functions')
162.217  000.210  000.210: require('luasnip.nodes.absolute_indexer')
162.522  000.303  000.303: require('luasnip.extras')
162.820  000.296  000.296: require('luasnip.extras.fmt')
163.433  000.219  000.219: require('luasnip.extras.conditions')
163.633  000.198  000.198: require('luasnip.extras.conditions.show')
163.686  000.672  000.254: require('luasnip.extras.conditions.expand')
163.688  000.866  000.194: require('luasnip.extras.expand_conditions')
163.932  000.243  000.243: require('luasnip.extras.postfix')
164.151  002.714  000.554: require('luasnip.config')
164.154  015.414  000.622: require('luasnip')
164.693  142.934  018.893: sourcing /Users/dblanken/.config/nvim/init.lua
164.719  003.748: sourcing vimrc file(s)
165.745  000.013  000.013: sourcing /Users/dblanken/.local/share/nvim/site/pack/packer/start/LuaSnip/ftdetect/snippets.vim
165.996  000.013  000.013: sourcing /Users/dblanken/.local/share/nvim/site/pack/packer/start/vim-fugitive/ftdetect/fugitive.vim
166.379  001.215  001.190: sourcing /usr/local/Cellar/neovim/0.8.2/share/nvim/runtime/filetype.lua
166.468  000.015  000.015: sourcing /usr/local/Cellar/neovim/0.8.2/share/nvim/runtime/filetype.vim
166.927  000.070  000.070: sourcing /usr/local/Cellar/neovim/0.8.2/share/nvim/runtime/syntax/synload.vim
167.046  000.463  000.393: sourcing /usr/local/Cellar/neovim/0.8.2/share/nvim/runtime/syntax/syntax.vim
169.896  000.127  000.127: sourcing /usr/local/Cellar/neovim/0.8.2/share/nvim/runtime/plugin/gzip.vim
169.970  000.011  000.011: sourcing /usr/local/Cellar/neovim/0.8.2/share/nvim/runtime/plugin/health.vim
170.935  000.144  000.144: sourcing /usr/local/Cellar/neovim/0.8.2/share/nvim/runtime/pack/dist/opt/matchit/plugin/matchit.vim
171.119  001.090  000.946: sourcing /usr/local/Cellar/neovim/0.8.2/share/nvim/runtime/plugin/matchit.vim
171.298  000.116  000.116: sourcing /usr/local/Cellar/neovim/0.8.2/share/nvim/runtime/plugin/matchparen.vim
171.599  000.237  000.237: sourcing /usr/local/Cellar/neovim/0.8.2/share/nvim/runtime/plugin/netrwPlugin.vim
171.886  000.010  000.010: sourcing /Users/dblanken/.local/share/nvim/rplugin.vim
171.893  000.220  000.210: sourcing /usr/local/Cellar/neovim/0.8.2/share/nvim/runtime/plugin/rplugin.vim
172.012  000.055  000.055: sourcing /usr/local/Cellar/neovim/0.8.2/share/nvim/runtime/plugin/shada.vim
172.103  000.021  000.021: sourcing /usr/local/Cellar/neovim/0.8.2/share/nvim/runtime/plugin/spellfile.vim
172.253  000.083  000.083: sourcing /usr/local/Cellar/neovim/0.8.2/share/nvim/runtime/plugin/tarPlugin.vim
172.409  000.084  000.084: sourcing /usr/local/Cellar/neovim/0.8.2/share/nvim/runtime/plugin/tohtml.vim
172.495  000.019  000.019: sourcing /usr/local/Cellar/neovim/0.8.2/share/nvim/runtime/plugin/tutor.vim
172.679  000.115  000.115: sourcing /usr/local/Cellar/neovim/0.8.2/share/nvim/runtime/plugin/zipPlugin.vim
176.916  003.226  003.226: require('packer.load')
181.320  000.306  000.306: require('nvim-treesitter.statusline')
181.690  000.369  000.369: require('nvim-treesitter.query_predicates')
181.693  003.511  002.837: require('nvim-treesitter')
182.134  003.992  000.481: sourcing /Users/dblanken/.dotfiles/git/.local/share/nvim/site/pack/packer/start/nvim-treesitter/plugin/nvim-treesitter.lua
186.135  003.065  003.065: require('nvim-treesitter-textobjects')
187.471  000.545  000.545: require('nvim-treesitter.textobjects.shared')
187.475  001.029  000.484: require('nvim-treesitter.textobjects.select')
188.433  000.455  000.455: require('nvim-treesitter.textobjects.attach')
188.442  000.934  000.478: require('nvim-treesitter.textobjects.move')
188.912  000.424  000.424: require('nvim-treesitter.textobjects.swap')
189.456  000.488  000.488: require('nvim-treesitter.textobjects.lsp_interop')
189.470  006.415  000.476: sourcing /Users/dblanken/.dotfiles/git/.local/share/nvim/site/pack/packer/opt/nvim-treesitter-textobjects/plugin/nvim-treesitter-textobjects.vim
189.783  016.853  003.220: sourcing /Users/dblanken/.config/nvim/plugin/packer_compiled.lua
190.471  000.088  000.088: sourcing /usr/local/Cellar/neovim/0.8.2/share/nvim/runtime/plugin/man.lua
190.506  004.975: loading rtp plugins
192.042  000.353  000.353: sourcing /Users/dblanken/.dotfiles/git/.local/share/nvim/site/pack/packer/start/Comment.nvim/plugin/Comment.lua
192.843  000.232  000.232: require('indent_blankline.commands')
192.898  000.411  000.180: sourcing /Users/dblanken/.dotfiles/git/.local/share/nvim/site/pack/packer/start/indent-blankline.nvim/plugin/indent_blankline.vim
193.554  000.144  000.144: sourcing /Users/dblanken/.dotfiles/git/.local/share/nvim/site/pack/packer/start/LuaSnip/plugin/luasnip.vim
194.685  000.291  000.291: require('cmp.utils.highlight')
195.046  000.787  000.495: sourcing /Users/dblanken/.dotfiles/git/.local/share/nvim/site/pack/packer/start/nvim-cmp/plugin/cmp.lua
195.696  000.295  000.295: sourcing /Users/dblanken/.dotfiles/git/.local/share/nvim/site/pack/packer/start/nvim-lspconfig/plugin/lspconfig.lua
196.161  000.059  000.059: sourcing /Users/dblanken/.dotfiles/git/.local/share/nvim/site/pack/packer/start/nvim-treesitter/plugin/nvim-treesitter.lua
196.608  000.028  000.028: sourcing /Users/dblanken/.dotfiles/git/.local/share/nvim/site/pack/packer/start/plenary.nvim/plugin/plenary.vim
197.377  000.343  000.343: sourcing /Users/dblanken/.dotfiles/git/.local/share/nvim/site/pack/packer/start/telescope.nvim/plugin/telescope.lua
198.388  000.751  000.751: sourcing /Users/dblanken/.dotfiles/git/.local/share/nvim/site/pack/packer/start/vim-fugitive/plugin/fugitive.vim
198.821  000.072  000.072: sourcing /Users/dblanken/.dotfiles/git/.local/share/nvim/site/pack/packer/start/vim-rhubarb/plugin/rhubarb.vim
199.541  000.302  000.302: sourcing /Users/dblanken/.dotfiles/git/.local/share/nvim/site/pack/packer/start/vim-sleuth/plugin/sleuth.vim
199.841  005.790: loading packages
200.346  000.040  000.040: sourcing /Users/dblanken/.local/share/nvim/site/pack/packer/start/cmp-nvim-lsp/after/plugin/cmp_nvim_lsp.lua
200.900  000.270  000.270: require('cmp_luasnip')
200.986  000.403  000.133: sourcing /Users/dblanken/.local/share/nvim/site/pack/packer/start/cmp_luasnip/after/plugin/cmp_luasnip.lua
200.991  000.706: loading after plugins
200.998  000.007: inits 3
204.392  003.394: reading ShaDa
205.471  000.280  000.280: require('luasnip.loaders.util')
205.476  000.573  000.293: require('luasnip.loaders.from_lua')
206.056  000.232  000.232: require('luasnip.nodes.snippetProxy')
206.061  000.551  000.319: require('luasnip.loaders.from_snipmate')
206.407  000.326  000.326: require('luasnip.loaders.from_vscode')
206.482  000.641: opening buffers
206.598  000.115: BufEnter autocommands
206.600  000.002: editing files in windows
206.908  000.267  000.267: require('mason-core.terminator')
225.361  000.715  000.715: require('gitsigns.current_line_blame')
