

times in msec
 clock   self+sourced   self:  sourced script
 clock   elapsed:              other lines

000.009  000.009: --- NVIM STARTING ---
000.123  000.115: event init
000.303  000.180: early init
000.832  000.529: locale set
000.890  000.058: init first window
012.829  011.939: inits 1
012.848  000.020: window checked
012.858  000.009: parsing arguments
013.401  000.082  000.082: require('vim.shared')
013.530  000.048  000.048: require('vim._meta')
013.533  000.128  000.080: require('vim._editor')
013.535  000.258  000.049: require('vim._init_packages')
013.537  000.421: init lua interpreter
013.930  000.393: expanding arguments
014.032  000.102: inits 2
014.333  000.301: init highlight
014.334  000.002: waiting for UI
017.410  003.075: done waiting for UI
017.433  000.023: init screen for UI
017.616  000.183: init default mappings
017.636  000.020: init default autocommands
018.754  000.085  000.085: sourcing /usr/local/Cellar/neovim/0.8.2/share/nvim/runtime/ftplugin.vim
018.937  000.040  000.040: sourcing /usr/local/Cellar/neovim/0.8.2/share/nvim/runtime/indent.vim
020.872  001.208  001.208: require('lazy')
021.125  000.032  000.032: require('ffi')
021.895  000.767  000.767: require('lazy.core.cache')
026.007  000.235  000.235: require('lazy.stats')
026.253  000.196  000.196: require('lazy.core.util')
026.422  000.166  000.166: require('lazy.core.config')
026.666  000.110  000.110: require('lazy.core.handler')
026.802  000.133  000.133: require('lazy.core.plugin')
026.811  000.385  000.143: require('lazy.core.loader')
028.076  000.537  000.537: require('lazy.core.handler.event')
028.259  000.175  000.175: require('lazy.core.handler.ft')
028.377  000.114  000.114: require('lazy.core.handler.cmd')
028.495  000.114  000.114: require('lazy.core.handler.keys')
029.052  000.236  000.236: sourcing /usr/local/Cellar/neovim/0.8.2/share/nvim/runtime/filetype.lua
029.827  000.471  000.471: sourcing /Users/dblanken/.local/share/nvim/lazy/vim-sleuth/plugin/sleuth.vim
030.405  000.011  000.011: require('vim.keymap')
030.966  000.124  000.124: require('Comment.config')
031.269  000.174  000.174: require('Comment.ft')
031.277  000.307  000.133: require('Comment.utils')
031.399  000.120  000.120: require('Comment.opfunc')
031.511  000.109  000.109: require('Comment.extra')
031.517  001.108  000.448: require('Comment.api')
031.690  001.338  000.219: sourcing /Users/dblanken/.local/share/nvim/lazy/Comment.nvim/plugin/Comment.lua
033.219  000.179  000.179: require('indent_blankline/utils')
033.224  000.768  000.589: require('indent_blankline')
033.475  000.138  000.138: require('indent_blankline.commands')
033.560  001.184  000.278: sourcing /Users/dblanken/.local/share/nvim/lazy/indent-blankline.nvim/plugin/indent_blankline.vim
035.246  000.513  000.513: require('nvim-treesitter.utils')
035.745  000.107  000.107: require('vim.treesitter.language')
035.754  000.214  000.107: require('vim.treesitter.query')
035.860  000.104  000.104: require('vim.treesitter.languagetree')
035.871  000.428  000.111: require('vim.treesitter')
036.028  000.778  000.349: require('nvim-treesitter.parsers')
036.678  000.109  000.109: require('nvim-treesitter.ts_utils')
036.686  000.214  000.104: require('nvim-treesitter.tsrange')
036.778  000.090  000.090: require('nvim-treesitter.caching')
036.788  000.424  000.120: require('nvim-treesitter.query')
036.803  000.624  000.200: require('nvim-treesitter.configs')
036.808  000.778  000.153: require('nvim-treesitter.info')
036.931  000.121  000.121: require('nvim-treesitter.shell_command_selectors')
036.960  002.571  000.382: require('nvim-treesitter.install')
037.058  000.096  000.096: require('nvim-treesitter.statusline')
037.214  000.153  000.153: require('nvim-treesitter.query_predicates')
037.217  003.368  000.547: require('nvim-treesitter')
037.670  003.856  000.488: sourcing /Users/dblanken/.local/share/nvim/lazy/nvim-treesitter/plugin/nvim-treesitter.lua
038.640  000.568  000.568: require('nvim-treesitter-textobjects')
039.113  000.168  000.168: require('nvim-treesitter.textobjects.shared')
039.118  000.327  000.160: require('nvim-treesitter.textobjects.select')
039.494  000.141  000.141: require('nvim-treesitter.textobjects.attach')
039.502  000.285  000.144: require('nvim-treesitter.textobjects.move')
039.650  000.101  000.101: require('nvim-treesitter.textobjects.swap')
039.807  000.113  000.113: require('nvim-treesitter.textobjects.lsp_interop')
039.824  001.774  000.381: sourcing /Users/dblanken/.local/share/nvim/lazy/nvim-treesitter-textobjects/plugin/nvim-treesitter-textobjects.vim
041.153  000.986  000.986: sourcing /Users/dblanken/.local/share/nvim/lazy/vim-fugitive/plugin/fugitive.vim
041.336  000.016  000.016: sourcing /Users/dblanken/.local/share/nvim/lazy/vim-fugitive/ftdetect/fugitive.vim
045.729  000.154  000.154: require('vim.lsp.log')
046.418  000.005  000.005: require('vim.F')
046.421  000.688  000.682: require('vim.lsp.protocol')
046.748  000.145  000.145: require('vim.lsp._snippet')
046.846  000.094  000.094: require('vim.highlight')
046.863  000.440  000.201: require('vim.lsp.util')
046.874  001.438  000.156: require('vim.lsp.handlers')
047.012  000.136  000.136: require('vim.lsp.rpc')
047.105  000.090  000.090: require('vim.lsp.sync')
047.258  000.150  000.150: require('vim.lsp.buf')
047.397  000.137  000.137: require('vim.lsp.diagnostic')
047.519  000.120  000.120: require('vim.lsp.codelens')
047.652  003.001  000.931: require('vim.lsp')
047.708  003.103  000.102: sourcing /Users/dblanken/.local/share/nvim/lazy/nvim-lspconfig/plugin/lspconfig.lua
050.202  000.104  000.104: require('luasnip.util.types')
050.301  000.096  000.096: require('luasnip.util.ext_opts')
050.399  000.095  000.095: require('luasnip.extras.filetype_functions')
050.491  000.090  000.090: require('luasnip.session')
050.808  000.118  000.118: require('luasnip.util.util')
050.903  000.093  000.093: require('luasnip.nodes.util')
051.048  000.142  000.142: require('luasnip.util.events')
051.058  000.469  000.115: require('luasnip.nodes.node')
051.247  000.117  000.117: require('luasnip.util.extend_decorator')
051.255  000.762  000.177: require('luasnip.nodes.insertNode')
051.521  000.100  000.100: require('luasnip.util.mark')
051.774  000.125  000.125: require('luasnip.nodes.textNode')
052.422  000.538  000.538: require('luasnip.util._builtin_vars')
052.518  000.092  000.092: require('vim.inspect')
052.591  000.813  000.184: require('luasnip.util.environ')
052.722  000.128  000.128: require('luasnip.util.pattern_tokenizer')
052.818  000.093  000.093: require('luasnip.util.dict')
052.926  000.105  000.105: require('luasnip.session.snippet_collection')
053.005  001.481  000.216: require('luasnip.nodes.snippet')
053.014  001.757  000.176: require('luasnip.nodes.choiceNode')
053.207  000.182  000.182: require('luasnip.nodes.functionNode')
053.357  000.146  000.146: require('luasnip.nodes.dynamicNode')
053.504  000.145  000.145: require('luasnip.nodes.restoreNode')
053.608  000.100  000.100: require('luasnip.nodes.absolute_indexer')
053.709  000.099  000.099: require('luasnip.extras')
053.900  000.093  000.093: require('luasnip.util.str')
053.905  000.192  000.099: require('luasnip.extras.fmt')
054.161  000.086  000.086: require('luasnip.extras.conditions')
054.251  000.088  000.088: require('luasnip.extras.conditions.show')
054.328  000.336  000.162: require('luasnip.extras.conditions.expand')
054.330  000.423  000.088: require('luasnip.extras.expand_conditions')
054.441  000.109  000.109: require('luasnip.extras.postfix')
054.742  000.109  000.109: require('luasnip.util.parser.neovim_ast')
057.026  000.113  000.113: require('luasnip.util.directed_graph')
057.035  002.500  002.278: require('luasnip.util.parser.ast_utils')
057.231  000.090  000.090: require('luasnip.util.functions')
057.238  000.202  000.111: require('luasnip.util.parser.ast_parser')
057.372  000.133  000.133: require('luasnip.util.parser.neovim_parser')
057.378  002.934  000.100: require('luasnip.util.parser')
057.674  008.343  001.108: require('luasnip.config')
057.725  008.511  000.168: sourcing /Users/dblanken/.local/share/nvim/lazy/LuaSnip/plugin/luasnip.vim
057.904  000.019  000.019: sourcing /Users/dblanken/.local/share/nvim/lazy/LuaSnip/ftdetect/snippets.vim
058.973  000.753  000.753: require('cmp.utils.api')
059.165  000.091  000.091: require('cmp.types.cmp')
059.365  000.100  000.100: require('cmp.utils.misc')
059.470  000.302  000.201: require('cmp.types.lsp')
059.581  000.109  000.109: require('cmp.types.vim')
059.584  000.608  000.107: require('cmp.types')
059.675  000.089  000.089: require('cmp.utils.highlight')
059.858  000.088  000.088: require('cmp.utils.debug')
059.866  000.189  000.101: require('cmp.utils.autocmd')
060.147  001.963  000.323: sourcing /Users/dblanken/.local/share/nvim/lazy/nvim-cmp/plugin/cmp.lua
061.870  000.035  000.035: sourcing /Users/dblanken/.local/share/nvim/lazy/plenary.nvim/plugin/plenary.vim
062.278  000.245  000.245: sourcing /Users/dblanken/.local/share/nvim/lazy/telescope.nvim/plugin/telescope.lua
064.066  000.098  000.098: sourcing /Users/dblanken/.local/share/nvim/lazy/vim-rhubarb/plugin/rhubarb.vim
064.520  000.156  000.156: sourcing /usr/local/Cellar/neovim/0.8.2/share/nvim/runtime/plugin/gzip.vim
064.624  000.016  000.016: sourcing /usr/local/Cellar/neovim/0.8.2/share/nvim/runtime/plugin/health.vim
064.752  000.043  000.043: sourcing /usr/local/Cellar/neovim/0.8.2/share/nvim/runtime/plugin/man.lua
066.809  000.165  000.165: sourcing /usr/local/Cellar/neovim/0.8.2/share/nvim/runtime/pack/dist/opt/matchit/plugin/matchit.vim
066.970  002.128  001.963: sourcing /usr/local/Cellar/neovim/0.8.2/share/nvim/runtime/plugin/matchit.vim
067.211  000.149  000.149: sourcing /usr/local/Cellar/neovim/0.8.2/share/nvim/runtime/plugin/matchparen.vim
067.632  000.329  000.329: sourcing /usr/local/Cellar/neovim/0.8.2/share/nvim/runtime/plugin/netrwPlugin.vim
067.957  000.217  000.217: sourcing /usr/local/Cellar/neovim/0.8.2/share/nvim/runtime/plugin/rplugin.vim
068.143  000.084  000.084: sourcing /usr/local/Cellar/neovim/0.8.2/share/nvim/runtime/plugin/shada.vim
068.268  000.027  000.027: sourcing /usr/local/Cellar/neovim/0.8.2/share/nvim/runtime/plugin/spellfile.vim
068.472  000.109  000.109: sourcing /usr/local/Cellar/neovim/0.8.2/share/nvim/runtime/plugin/tarPlugin.vim
068.661  000.082  000.082: sourcing /usr/local/Cellar/neovim/0.8.2/share/nvim/runtime/plugin/tohtml.vim
068.776  000.024  000.024: sourcing /usr/local/Cellar/neovim/0.8.2/share/nvim/runtime/plugin/tutor.vim
069.008  000.139  000.139: sourcing /usr/local/Cellar/neovim/0.8.2/share/nvim/runtime/plugin/zipPlugin.vim
070.903  000.111  000.111: require('cmp.utils.char')
070.910  000.227  000.116: require('cmp.utils.str')
071.003  000.091  000.091: require('cmp.utils.pattern')
071.284  000.086  000.086: require('cmp.utils.buffer')
071.289  000.193  000.106: require('cmp.utils.keymap')
071.292  000.287  000.094: require('cmp.utils.feedkeys')
071.395  000.102  000.102: require('cmp.utils.async')
071.575  000.086  000.086: require('cmp.utils.cache')
071.579  000.181  000.096: require('cmp.context')
072.003  000.131  000.131: require('cmp.config.mapping')
072.205  000.100  000.100: require('cmp.config.compare')
072.208  000.201  000.100: require('cmp.config.default')
072.219  000.474  000.143: require('cmp.config')
072.422  000.089  000.089: require('cmp.matcher')
072.427  000.207  000.118: require('cmp.entry')
072.433  000.853  000.172: require('cmp.source')
072.617  000.085  000.085: require('cmp.utils.event')
072.811  000.101  000.101: require('cmp.utils.window')
072.814  000.195  000.095: require('cmp.view.docs_view')
072.930  000.115  000.115: require('cmp.view.custom_entries_view')
073.038  000.106  000.106: require('cmp.view.wildmenu_entries_view')
073.152  000.111  000.111: require('cmp.view.native_entries_view')
073.243  000.089  000.089: require('cmp.view.ghost_text_view')
073.254  000.820  000.119: require('cmp.view')
073.302  002.798  000.237: require('cmp.core')
073.490  000.097  000.097: require('cmp.config.sources')
073.578  000.085  000.085: require('cmp.config.window')
073.647  004.033  001.053: require('cmp')
073.753  000.104  000.104: require('cmp_luasnip')
073.783  004.207  000.070: sourcing /Users/dblanken/.local/share/nvim/lazy/cmp_luasnip/after/plugin/cmp_luasnip.lua
074.211  000.106  000.106: require('cmp_nvim_lsp.source')
074.217  000.212  000.106: require('cmp_nvim_lsp')
074.227  000.248  000.035: sourcing /Users/dblanken/.local/share/nvim/lazy/cmp-nvim-lsp/after/plugin/cmp_nvim_lsp.lua
077.014  000.107  000.107: require('onedark')
078.103  000.103  000.103: require('onedark.palette')
078.177  000.279  000.177: require('onedark.colors')
078.280  000.097  000.097: require('onedark.util')
078.457  001.055  000.679: require('onedark.highlights')
080.265  000.103  000.103: require('onedark.terminal')
080.273  003.781  002.516: sourcing /Users/dblanken/.local/share/nvim/lazy/onedark.nvim/colors/onedark.lua
080.426  000.138  000.138: require('indent_blankline.utils')
081.267  000.140  000.140: require('lualine_require')
081.599  000.619  000.479: require('lualine')
083.337  000.105  000.105: require('lualine.utils.mode')
086.653  000.181  000.181: require('Comment')
087.263  000.118  000.118: require('gitsigns.async')
087.363  000.097  000.097: require('gitsigns.status')
087.609  000.120  000.120: require('gitsigns.debug')
087.831  000.220  000.220: require('gitsigns.util')
088.095  000.136  000.136: require('gitsigns.uv')
088.105  000.271  000.135: require('gitsigns.subprocess')
088.880  000.331  000.331: require('gitsigns.message')
089.019  000.622  000.290: require('gitsigns.config')
089.147  000.125  000.125: require('gitsigns.signs.base')
089.162  000.933  000.186: require('gitsigns.signs')
089.173  001.067  000.134: require('gitsigns.hunks')
089.220  001.854  000.175: require('gitsigns.git')
089.685  000.292  000.292: require('gitsigns.cache')
089.858  000.170  000.170: require('gitsigns.debounce')
089.986  000.124  000.124: require('gitsigns.diff')
090.046  000.825  000.239: require('gitsigns.manager')
090.370  000.323  000.323: require('gitsigns.highlight')
090.425  003.441  000.225: require('gitsigns')
092.089  000.312  000.312: require('gitsigns.signs.vimfn')
094.083  000.230  000.230: require('telescope._extensions')
094.089  000.510  000.280: require('telescope')
094.513  000.085  000.085: require('plenary.bit')
094.596  000.080  000.080: require('plenary.functional')
094.616  000.305  000.139: require('plenary.path')
094.622  000.407  000.102: require('plenary.strings')
094.701  000.077  000.077: require('telescope.deprecated')
095.069  000.198  000.198: require('plenary.log')
095.102  000.305  000.108: require('telescope.log')
095.358  000.123  000.123: require('plenary.job')
095.442  000.081  000.081: require('telescope.state')
095.460  000.355  000.151: require('telescope.utils')
095.466  000.763  000.103: require('telescope.sorters')
096.975  002.883  001.636: require('telescope.config')
098.651  000.454  000.454: require('fzf_lib')
098.656  000.603  000.149: require('telescope._extensions.fzf')
099.334  000.082  000.082: require('plenary.tbl')
099.338  000.167  000.085: require('plenary.vararg.rotate')
099.340  000.262  000.096: require('plenary.vararg')
099.422  000.081  000.081: require('plenary.errors')
099.426  000.434  000.091: require('plenary.async.async')
099.510  000.082  000.082: require('plenary.async.structs')
099.516  000.619  000.103: require('plenary.async.control')
099.844  000.091  000.091: require('plenary.window.border')
099.927  000.081  000.081: require('plenary.window')
100.008  000.079  000.079: require('plenary.popup.utils')
100.012  000.353  000.103: require('plenary.popup')
100.097  000.084  000.084: require('telescope.pickers.scroller')
100.196  000.097  000.097: require('telescope.actions.state')
100.283  000.085  000.085: require('telescope.actions.utils')
100.463  000.087  000.087: require('telescope.actions.mt')
100.476  000.191  000.104: require('telescope.actions.set')
100.653  000.090  000.090: require('telescope.config.resolve')
100.656  000.179  000.089: require('telescope.pickers.entry_display')
100.740  000.083  000.083: require('telescope.from_entry')
100.880  001.363  000.292: require('telescope.actions')
101.179  000.189  000.189: require('telescope.make_entry')
101.631  000.097  000.097: require('plenary.async.util')
101.635  000.191  000.094: require('plenary.async.tests')
101.637  000.290  000.099: require('plenary.async')
101.640  000.400  000.109: require('telescope.finders.async_static_finder')
102.123  000.239  000.239: require('plenary.class')
102.143  000.408  000.169: require('telescope._')
102.148  000.506  000.098: require('telescope.finders.async_oneshot_finder')
102.267  000.117  000.117: require('telescope.finders.async_job_finder')
102.273  001.390  000.178: require('telescope.finders')
102.592  000.107  000.107: require('telescope.debounce')
102.765  000.169  000.169: require('telescope.mappings')
102.882  000.113  000.113: require('telescope.pickers.highlights')
102.983  000.097  000.097: require('telescope.pickers.window')
103.208  000.101  000.101: require('telescope.algos.linked_list')
103.214  000.228  000.128: require('telescope.entry_manager')
103.389  000.174  000.174: require('telescope.pickers.multi')
103.412  001.137  000.247: require('telescope.pickers')
103.422  004.636  000.127: require('telescope.builtin.__lsp')
103.463  004.802  000.166: require('telescope.builtin')
108.164  000.187  000.187: require('nvim-treesitter.highlight')
108.546  000.184  000.184: require('nvim-treesitter.indent')
108.850  000.140  000.140: require('nvim-treesitter.locals')
108.856  000.258  000.118: require('nvim-treesitter.incremental_selection')
109.347  000.259  000.259: require('vim.diagnostic')
109.493  000.109  000.109: require('neodev')
109.602  000.106  000.106: require('neodev.config')
109.878  000.101  000.101: require('neodev.util')
109.884  000.231  000.129: require('neodev.lsp')
110.124  000.239  000.239: require('lspconfig.util')
111.310  000.123  000.123: require('mason-core.path')
111.325  000.280  000.157: require('mason.settings')
111.612  000.134  000.134: require('mason-core.functional')
111.825  000.090  000.090: require('mason-core.functional.data')
111.833  000.197  000.107: require('mason-core.functional.function')
111.942  000.096  000.096: require('mason-core.functional.relation')
112.052  000.104  000.104: require('mason-core.functional.logic')
112.079  000.752  000.221: require('mason-core.platform')
112.082  001.153  000.120: require('mason')
112.343  000.108  000.108: require('mason-core.functional.list')
112.371  000.268  000.160: require('mason.api.command')
112.607  000.124  000.124: require('mason-core.log')
112.612  000.234  000.110: require('mason-lspconfig')
112.771  000.118  000.118: require('mason-lspconfig.settings')
112.983  000.095  000.095: require('mason-core.notify')
112.990  000.197  000.102: require('mason-lspconfig.lspconfig_hook')
113.237  000.097  000.097: require('mason-core.functional.table')
113.294  000.292  000.195: require('mason-lspconfig.mappings.server')
113.607  000.104  000.104: require('mason-core.async')
113.699  000.089  000.089: require('mason-core.async.uv')
113.705  000.305  000.112: require('mason-core.fs')
113.801  000.095  000.095: require('mason-core.optional')
113.896  000.092  000.092: require('mason-core.EventEmitter')
114.056  000.158  000.158: require('mason-registry.index')
114.066  000.770  000.120: require('mason-registry')
114.159  000.090  000.090: require('mason-lspconfig.server_config_extensions')
114.309  000.148  000.148: require('lspconfig.configs')
114.416  000.104  000.104: require('lspconfig.server_configurations.omnisharp')
114.621  000.115  000.115: require('mason-lspconfig.ensure_installed')
114.942  000.099  000.099: require('mason-core.result')
115.313  000.164  000.164: require('mason-core.process')
115.410  000.358  000.193: require('mason-core.spawn')
115.543  000.129  000.129: require('mason-core.receipt')
115.652  000.101  000.101: require('mason-core.functional.string')
115.668  000.724  000.136: require('mason-core.installer.context')
115.768  000.098  000.098: require('mason-core.installer.linker')
115.865  000.095  000.095: require('mason-core.async.control')
115.869  001.133  000.117: require('mason-core.installer')
115.980  000.109  000.109: require('mason-core.installer.handle')
116.684  000.269  000.269: require('mason-core.managers.powershell')
116.688  000.370  000.101: require('mason-core.fetch')
116.690  000.463  000.093: require('mason-core.managers.cargo.client')
116.916  000.114  000.114: require('mason-core.managers.std')
117.107  000.091  000.091: require('mason-core.providers')
117.119  000.200  000.110: require('mason-core.managers.github.client')
117.125  000.434  000.120: require('mason-core.managers.github')
117.149  001.028  000.130: require('mason-core.managers.cargo')
117.285  000.134  000.134: require('mason-core.managers.composer')
117.425  000.138  000.138: require('mason-core.managers.gem')
117.534  000.107  000.107: require('mason-core.managers.git')
117.655  000.118  000.118: require('mason-core.managers.go')
117.777  000.119  000.119: require('mason-core.managers.luarocks')
117.884  000.105  000.105: require('mason-core.managers.npm')
118.001  000.115  000.115: require('mason-core.managers.pip3')
118.007  001.985  000.122: require('mason-core.package.version-check')
118.013  003.388  000.161: require('mason-core.package')
118.136  000.110  000.110: require('mason-registry.lua-language-server')
118.454  000.094  000.094: require('mason-core.functional.number')
118.479  000.238  000.144: require('mason-lspconfig.api.command')
118.641  000.122  000.122: require('lspconfig')
118.751  000.107  000.107: require('lspconfig.server_configurations.sumneko_lua')
120.066  000.140  000.140: require('fidget.log')
120.076  000.293  000.153: require('fidget')
120.252  000.136  000.136: require('fidget.spinners')
120.626  000.096  000.096: require('luasnip.loaders._caches')
120.748  000.119  000.119: require('luasnip.util.path')
120.763  000.332  000.118: require('luasnip.loaders')
120.932  000.163  000.163: require('luasnip.util.log')
120.948  000.653  000.158: require('luasnip')
121.467  102.230  039.026: sourcing /Users/dblanken/.config/nvim/init.lua
121.502  001.512: sourcing vimrc file(s)
122.121  000.043  000.043: sourcing /usr/local/Cellar/neovim/0.8.2/share/nvim/runtime/filetype.lua
122.253  000.026  000.026: sourcing /usr/local/Cellar/neovim/0.8.2/share/nvim/runtime/filetype.vim
123.040  000.093  000.093: sourcing /usr/local/Cellar/neovim/0.8.2/share/nvim/runtime/syntax/synload.vim
123.187  000.616  000.524: sourcing /usr/local/Cellar/neovim/0.8.2/share/nvim/runtime/syntax/syntax.vim
123.200  001.013: inits 3
127.386  004.186: reading ShaDa
128.186  000.126  000.126: require('luasnip.loaders.util')
128.193  000.275  000.149: require('luasnip.loaders.from_lua')
128.442  000.105  000.105: require('luasnip.nodes.snippetProxy')
128.448  000.222  000.117: require('luasnip.loaders.from_snipmate')
128.583  000.115  000.115: require('luasnip.loaders.from_vscode')
128.739  000.741: opening buffers
128.891  000.152: BufEnter autocommands
128.894  000.003: editing files in windows
129.069  000.124  000.124: require('mason-core.terminator')
146.898  000.414  000.414: require('gitsigns.current_line_blame')
